INFO:     Started server process [25064]
INFO:     Waiting for application startup.
INFO:     Application startup complete.
INFO:     Uvicorn running on http://127.0.0.1:8000 (Press CTRL+C to quit)
INFO:     127.0.0.1:59799 - "GET /health HTTP/1.1" 200 OK
INFO:     127.0.0.1:59634 - "GET / HTTP/1.1" 200 OK
INFO:     127.0.0.1:59634 - "GET /static/terminal.js HTTP/1.1" 200 OK
INFO:     ('127.0.0.1', 61485) - "WebSocket /terminal" [accepted]
INFO:     connection open
INFO:     127.0.0.1:64898 - "GET / HTTP/1.1" 500 Internal Server Error
ERROR:    Exception in ASGI application
Traceback (most recent call last):
  File "C:\Users\Sumukh\AppData\Local\Python\pythoncore-3.14-64\Lib\site-packages\starlette\responses.py", line 327, in __call__
    stat_result = await anyio.to_thread.run_sync(os.stat, self.path)
                  ^^^^^^^^^^^^^^^^^^^^^^^^^^^^^^^^^^^^^^^^^^^^^^^^^^
  File "C:\Users\Sumukh\AppData\Local\Python\pythoncore-3.14-64\Lib\site-packages\anyio\to_thread.py", line 63, in run_sync
    return await get_async_backend().run_sync_in_worker_thread(
           ^^^^^^^^^^^^^^^^^^^^^^^^^^^^^^^^^^^^^^^^^^^^^^^^^^^^
        func, args, abandon_on_cancel=abandon_on_cancel, limiter=limiter
        ^^^^^^^^^^^^^^^^^^^^^^^^^^^^^^^^^^^^^^^^^^^^^^^^^^^^^^^^^^^^^^^^
    )
    ^
  File "C:\Users\Sumukh\AppData\Local\Python\pythoncore-3.14-64\Lib\site-packages\anyio\_backends\_asyncio.py", line 2518, in run_sync_in_worker_thread
    return await future
           ^^^^^^^^^^^^
  File "C:\Users\Sumukh\AppData\Local\Python\pythoncore-3.14-64\Lib\site-packages\anyio\_backends\_asyncio.py", line 1002, in run
    result = context.run(func, *args)
FileNotFoundError: [WinError 3] The system cannot find the path specified: 'D:\\linux engine\\frontend\\index.html'

During handling of the above exception, another exception occurred:

Traceback (most recent call last):
  File "C:\Users\Sumukh\AppData\Local\Python\pythoncore-3.14-64\Lib\site-packages\uvicorn\protocols\http\httptools_impl.py", line 399, in run_asgi
    result = await app(  # type: ignore[func-returns-value]
             ^^^^^^^^^^^^^^^^^^^^^^^^^^^^^^^^^^^^^^^^^^^^^^
        self.scope, self.receive, self.send
        ^^^^^^^^^^^^^^^^^^^^^^^^^^^^^^^^^^^
    )
    ^
  File "C:\Users\Sumukh\AppData\Local\Python\pythoncore-3.14-64\Lib\site-packages\uvicorn\middleware\proxy_headers.py", line 70, in __call__
    return await self.app(scope, receive, send)
           ^^^^^^^^^^^^^^^^^^^^^^^^^^^^^^^^^^^^
  File "C:\Users\Sumukh\AppData\Local\Python\pythoncore-3.14-64\Lib\site-packages\fastapi\applications.py", line 1054, in __call__
    await super().__call__(scope, receive, send)
  File "C:\Users\Sumukh\AppData\Local\Python\pythoncore-3.14-64\Lib\site-packages\starlette\applications.py", line 123, in __call__
    await self.middleware_stack(scope, receive, send)
  File "C:\Users\Sumukh\AppData\Local\Python\pythoncore-3.14-64\Lib\site-packages\starlette\middleware\errors.py", line 186, in __call__
    raise exc
  File "C:\Users\Sumukh\AppData\Local\Python\pythoncore-3.14-64\Lib\site-packages\starlette\middleware\errors.py", line 164, in __call__
    await self.app(scope, receive, _send)
  File "C:\Users\Sumukh\AppData\Local\Python\pythoncore-3.14-64\Lib\site-packages\starlette\middleware\exceptions.py", line 65, in __call__
    await wrap_app_handling_exceptions(self.app, conn)(scope, receive, send)
  File "C:\Users\Sumukh\AppData\Local\Python\pythoncore-3.14-64\Lib\site-packages\starlette\_exception_handler.py", line 64, in wrapped_app
    raise exc
  File "C:\Users\Sumukh\AppData\Local\Python\pythoncore-3.14-64\Lib\site-packages\starlette\_exception_handler.py", line 53, in wrapped_app
    await app(scope, receive, sender)
  File "C:\Users\Sumukh\AppData\Local\Python\pythoncore-3.14-64\Lib\site-packages\starlette\routing.py", line 756, in __call__
    await self.middleware_stack(scope, receive, send)
  File "C:\Users\Sumukh\AppData\Local\Python\pythoncore-3.14-64\Lib\site-packages\starlette\routing.py", line 776, in app
    await route.handle(scope, receive, send)
  File "C:\Users\Sumukh\AppData\Local\Python\pythoncore-3.14-64\Lib\site-packages\starlette\routing.py", line 297, in handle
    await self.app(scope, receive, send)
  File "C:\Users\Sumukh\AppData\Local\Python\pythoncore-3.14-64\Lib\site-packages\starlette\routing.py", line 77, in app
    await wrap_app_handling_exceptions(app, request)(scope, receive, send)
  File "C:\Users\Sumukh\AppData\Local\Python\pythoncore-3.14-64\Lib\site-packages\starlette\_exception_handler.py", line 64, in wrapped_app
    raise exc
  File "C:\Users\Sumukh\AppData\Local\Python\pythoncore-3.14-64\Lib\site-packages\starlette\_exception_handler.py", line 53, in wrapped_app
    await app(scope, receive, sender)
  File "C:\Users\Sumukh\AppData\Local\Python\pythoncore-3.14-64\Lib\site-packages\starlette\routing.py", line 75, in app
    await response(scope, receive, send)
  File "C:\Users\Sumukh\AppData\Local\Python\pythoncore-3.14-64\Lib\site-packages\starlette\responses.py", line 330, in __call__
    raise RuntimeError(f"File at path {self.path} does not exist.")
RuntimeError: File at path D:\linux engine\frontend\index.html does not exist.
INFO:     connection closed
